# Debugging messages go here:
INFO:root:
===> New Game <===

INFO:root:up    key pressed
INFO:root:up    key pressed
INFO:root:up    key pressed
INFO:root:up    key pressed
INFO:root:up    key pressed
INFO:root:up    key pressed
INFO:root:up    key pressed
INFO:root:up    key pressed
INFO:root:up    key pressed
INFO:root:up    key pressed
INFO:root:up    key pressed
INFO:root:up    key pressed
INFO:root:up    key pressed
INFO:root:left  key pressed
INFO:root:up    key pressed
INFO:root:left  key pressed
INFO:root:up    key pressed
INFO:root:left  key pressed
INFO:root:up    key pressed
INFO:root:left  key pressed
INFO:root:left  key pressed
INFO:root:left  key pressed
INFO:root:left  key pressed
INFO:root:left  key pressed
INFO:root:left  key pressed
INFO:root:left  key pressed
INFO:root:left  key pressed
INFO:root:left  key pressed
INFO:root:left  key pressed
INFO:root:left  key pressed
INFO:root:left  key pressed
INFO:root:left  key pressed
INFO:root:left  key pressed
INFO:root:left  key pressed
INFO:root:left  key pressed
INFO:root:left  key pressed
INFO:root:left  key pressed
INFO:root:left  key pressed
INFO:root:down  key pressed
INFO:root:down  key pressed
INFO:root:down  key pressed
INFO:root:down  key pressed
INFO:root:down  key pressed
INFO:root:down  key pressed
INFO:root:down  key pressed
INFO:root:down  key pressed
INFO:root:down  key pressed
INFO:root:down  key pressed
INFO:root:down  key pressed
INFO:root:down  key pressed
INFO:root:down  key pressed
INFO:root:down  key pressed
INFO:root:down  key pressed
INFO:root:down  key pressed
INFO:root:down  key pressed
INFO:root:down  key pressed
INFO:root:down  key pressed
